<?xml version="1.0" encoding="UTF-8"?>
<testng-results ignored="0" total="1" passed="1" failed="0" skipped="0">
  <reporter-output>
  </reporter-output>
  <suite started-at="2024-07-24T22:48:40 IST" name="Default suite" finished-at="2024-07-24T22:48:50 IST" duration-ms="9648">
    <groups>
      <group name="cucumber">
        <method signature="AbstractTestNGCucumberTests.runScenario(io.cucumber.testng.PickleWrapper,io.cucumber.testng.FeatureWrapper)[pri:0, instance:runner.runner_file@6caf0677]" name="runScenario" class="io.cucumber.testng.AbstractTestNGCucumberTests"/>
      </group> <!-- cucumber -->
    </groups>
    <test started-at="2024-07-24T22:48:40 IST" name="Default test" finished-at="2024-07-24T22:48:50 IST" duration-ms="9648">
      <class name="runner.runner_file">
        <test-method is-config="true" signature="setUpClass()[pri:0, instance:runner.runner_file@6caf0677]" started-at="2024-07-24T22:48:40 IST" name="setUpClass" finished-at="2024-07-24T22:48:41 IST" duration-ms="1058" status="PASS">
          <reporter-output>
          </reporter-output>
        </test-method> <!-- setUpClass -->
        <test-method signature="runScenario(io.cucumber.testng.PickleWrapper,io.cucumber.testng.FeatureWrapper)[pri:0, instance:runner.runner_file@6caf0677]" started-at="2024-07-24T22:48:41 IST" name="runScenario" description="Runs Cucumber Scenarios" data-provider="scenarios" finished-at="2024-07-24T22:48:50 IST" duration-ms="8445" status="PASS">
          <params>
            <param index="0">
              <value>
                <![CDATA["Login to the Application with the valid credentials"]]>
              </value>
            </param>
            <param index="1">
              <value>
                <![CDATA["Optional[Login to the application]"]]>
              </value>
            </param>
          </params>
          <reporter-output>
          </reporter-output>
        </test-method> <!-- runScenario -->
        <test-method is-config="true" signature="tearDownClass()[pri:0, instance:runner.runner_file@6caf0677]" started-at="2024-07-24T22:48:50 IST" name="tearDownClass" finished-at="2024-07-24T22:48:50 IST" duration-ms="86" status="PASS">
          <reporter-output>
          </reporter-output>
        </test-method> <!-- tearDownClass -->
      </class> <!-- runner.runner_file -->
    </test> <!-- Default test -->
  </suite> <!-- Default suite -->
</testng-results>
